<?xml version="1.0" encoding="UTF-8"?>
<!-- Generated by org.testng.reporters.JUnitReportReporter -->
<testsuite hostname="LAPTOP-UR5L1VDL" failures="0" tests="5" name="com.hrm.testcases.LoginTest" time="18.577" errors="0" timestamp="2021-08-27T17:53:49 IST" skipped="3">
  <testcase classname="com.hrm.testcases.LoginTest" name="doLogin" time="11.812"/>
  <system-out/>
  <testcase classname="com.hrm.testcases.LoginTest" name="doLogin" time="6.761"/>
  <system-out/>
  <testcase classname="com.hrm.testcases.LoginTest" name="doLogin" time="0.001">
    <skipped/>
  </testcase> <!-- doLogin -->
  <system-out/>
  <testcase classname="com.hrm.testcases.LoginTest" name="doLogin" time="0.001">
    <skipped/>
  </testcase> <!-- doLogin -->
  <system-out/>
  <testcase classname="com.hrm.testcases.LoginTest" name="doLogin" time="0.002">
    <skipped/>
  </testcase> <!-- doLogin -->
  <system-out/>
</testsuite> <!-- com.hrm.testcases.LoginTest -->
