<?xml version="1.0" encoding="UTF-8"?>
<!-- Generated by org.testng.reporters.JUnitReportReporter -->
<testsuite hostname="LAPTOP-UR5L1VDL" failures="0" tests="5" name="com.hrm.constants.Test" time="0.008" errors="0" timestamp="2021-08-27T16:10:56 IST" skipped="0">
  <testcase classname="com.hrm.constants.Test" name="test" time="0.006"/>
  <system-out/>
  <testcase classname="com.hrm.constants.Test" name="test" time="0.000"/>
  <system-out/>
  <testcase classname="com.hrm.constants.Test" name="test" time="0.001"/>
  <system-out/>
  <testcase classname="com.hrm.constants.Test" name="test" time="0.001"/>
  <system-out/>
  <testcase classname="com.hrm.constants.Test" name="test" time="0.000"/>
  <system-out/>
</testsuite> <!-- com.hrm.constants.Test -->
